<?xml version="1.0" encoding="UTF-8"?>
<!-- Generated by org.testng.reporters.JUnitReportReporter -->
<testsuite skipped="0" hostname="VAIO" name="validLoginTests.ValidLoginTests" tests="1" failures="0" timestamp="13 Feb 2019 15:04:29 GMT" time="45.906" errors="0">
  <testcase name="LoginTestWithValidEmailAndPassword" time="45.906" classname="validLoginTests.ValidLoginTests"/>
</testsuite> <!-- validLoginTests.ValidLoginTests -->
